<?xml version="1.0" encoding="UTF-8"?>
<testng-results ignored="0" total="1" passed="1" failed="0" skipped="0">
  <reporter-output>
  </reporter-output>
  <suite started-at="2024-05-06T13:31:25 COT" name="Default suite" finished-at="2024-05-06T13:32:02 COT" duration-ms="36942">
    <groups>
    </groups>
    <test started-at="2024-05-06T13:31:25 COT" name="Default test" finished-at="2024-05-06T13:32:02 COT" duration-ms="36942">
      <class name="FillFormTest">
        <test-method signature="simpleFillFormTest()[pri:0, instance:FillFormTest@c8c12ac]" started-at="2024-05-06T13:31:25 COT" name="simpleFillFormTest" finished-at="2024-05-06T13:32:02 COT" duration-ms="36900" status="PASS">
          <reporter-output>
          </reporter-output>
        </test-method> <!-- simpleFillFormTest -->
      </class> <!-- FillFormTest -->
    </test> <!-- Default test -->
  </suite> <!-- Default suite -->
</testng-results>
